<?xml version="1.0" encoding="UTF-8"?>
<!-- Generated by org.testng.reporters.JUnitReportReporter -->
<testsuite skipped="0" hostname="inbanfff666" name="com.CRM.TestCases.CRMLogInTest" tests="1" failures="0" timestamp="2020-01-09T15:48:03 IST" time="38.699" errors="0">
  <testcase name="crmLogInTest" time="38.699" classname="com.CRM.TestCases.CRMLogInTest"/>
</testsuite> <!-- com.CRM.TestCases.CRMLogInTest -->
